TN:
SF:C:\Users\fredi\OneDrive\Documentos\Estudos\JavaScript\appgobarber\src\components\Button\index.tsx
FN:11,(anonymous_0)
FNF:1
FNH:1
FNDA:1,(anonymous_0)
DA:11,1
DA:13,1
LF:2
LH:2
BRF:0
BRH:0
end_of_record
TN:
SF:C:\Users\fredi\OneDrive\Documentos\Estudos\JavaScript\appgobarber\src\components\Input\index.tsx
FN:34,(anonymous_0)
FN:51,(anonymous_1)
FN:55,(anonymous_2)
FN:62,(anonymous_3)
FN:63,(anonymous_4)
FN:69,(anonymous_5)
FN:75,(anonymous_6)
FN:79,(anonymous_7)
FN:103,(anonymous_8)
FNF:9
FNH:3
FNDA:2,(anonymous_0)
FNDA:0,(anonymous_1)
FNDA:0,(anonymous_2)
FNDA:1,(anonymous_3)
FNDA:0,(anonymous_4)
FNDA:2,(anonymous_5)
FNDA:0,(anonymous_6)
FNDA:0,(anonymous_7)
FNDA:0,(anonymous_8)
DA:34,1
DA:39,2
DA:42,2
DA:45,2
DA:48,2
DA:49,2
DA:51,2
DA:52,0
DA:55,2
DA:56,0
DA:59,0
DA:62,2
DA:64,0
DA:69,2
DA:70,2
DA:76,0
DA:77,0
DA:80,0
DA:81,0
DA:86,2
DA:104,0
LF:21
LH:12
BRDA:35,0,0,2
BRDA:42,1,0,2
BRDA:91,2,0,0
BRDA:91,2,1,2
BRDA:91,3,0,2
BRDA:91,3,1,2
BRF:6
BRH:5
end_of_record
TN:
SF:C:\Users\fredi\OneDrive\Documentos\Estudos\JavaScript\appgobarber\src\hooks\auth.tsx
FN:40,(anonymous_0)
FN:49,(anonymous_1)
FN:51,loadStoragedData
FN:72,(anonymous_3)
FN:95,(anonymous_4)
FN:104,(anonymous_5)
FN:126,useAuth
FNF:7
FNH:1
FNDA:0,(anonymous_0)
FNDA:0,(anonymous_1)
FNDA:0,loadStoragedData
FNDA:0,(anonymous_3)
FNDA:0,(anonymous_4)
FNDA:0,(anonymous_5)
FNDA:1,useAuth
DA:37,1
DA:40,1
DA:42,0
DA:44,0
DA:49,0
DA:52,0
DA:58,0
DA:59,0
DA:61,0
DA:64,0
DA:67,0
DA:72,0
DA:74,0
DA:79,0
DA:83,0
DA:89,0
DA:91,0
DA:95,0
DA:97,0
DA:100,0
DA:103,0
DA:105,0
DA:107,0
DA:115,0
DA:127,1
DA:129,1
DA:130,0
DA:133,1
LF:28
LH:5
BRDA:58,0,0,0
BRDA:58,0,1,0
BRDA:58,1,0,0
BRDA:58,1,1,0
BRDA:129,2,0,0
BRDA:129,2,1,1
BRF:6
BRH:1
end_of_record
TN:
SF:C:\Users\fredi\OneDrive\Documentos\Estudos\JavaScript\appgobarber\src\pages\AppointmentCreated\index.tsx
FN:19,(anonymous_0)
FN:28,(anonymous_1)
FN:42,(anonymous_2)
FNF:3
FNH:0
FNDA:0,(anonymous_0)
FNDA:0,(anonymous_1)
FNDA:0,(anonymous_2)
DA:19,0
DA:22,0
DA:23,0
DA:25,0
DA:28,0
DA:29,0
DA:42,0
DA:43,0
DA:51,0
LF:9
LH:0
BRF:0
BRH:0
end_of_record
TN:
SF:C:\Users\fredi\OneDrive\Documentos\Estudos\JavaScript\appgobarber\src\pages\CreateAppointment\index.tsx
FN:53,(anonymous_0)
FN:78,(anonymous_1)
FN:79,(anonymous_2)
FN:86,(anonymous_3)
FN:95,(anonymous_4)
FN:101,(anonymous_5)
FN:106,(anonymous_6)
FN:111,(anonymous_7)
FN:114,(anonymous_8)
FN:119,(anonymous_9)
FN:130,(anonymous_10)
FN:134,(anonymous_11)
FN:159,(anonymous_12)
FN:163,(anonymous_13)
FN:165,(anonymous_14)
FN:176,(anonymous_15)
FN:180,(anonymous_16)
FN:182,(anonymous_17)
FN:210,(anonymous_18)
FN:211,(anonymous_19)
FN:213,(anonymous_20)
FN:246,(anonymous_21)
FN:253,(anonymous_22)
FN:266,(anonymous_23)
FN:273,(anonymous_24)
FNF:25
FNH:0
FNDA:0,(anonymous_0)
FNDA:0,(anonymous_1)
FNDA:0,(anonymous_2)
FNDA:0,(anonymous_3)
FNDA:0,(anonymous_4)
FNDA:0,(anonymous_5)
FNDA:0,(anonymous_6)
FNDA:0,(anonymous_7)
FNDA:0,(anonymous_8)
FNDA:0,(anonymous_9)
FNDA:0,(anonymous_10)
FNDA:0,(anonymous_11)
FNDA:0,(anonymous_12)
FNDA:0,(anonymous_13)
FNDA:0,(anonymous_14)
FNDA:0,(anonymous_15)
FNDA:0,(anonymous_16)
FNDA:0,(anonymous_17)
FNDA:0,(anonymous_18)
FNDA:0,(anonymous_19)
FNDA:0,(anonymous_20)
FNDA:0,(anonymous_21)
FNDA:0,(anonymous_22)
FNDA:0,(anonymous_23)
FNDA:0,(anonymous_24)
DA:53,0
DA:55,0
DA:56,0
DA:58,0
DA:61,0
DA:64,0
DA:66,0
DA:68,0
DA:70,0
DA:72,0
DA:74,0
DA:78,0
DA:79,0
DA:80,0
DA:86,0
DA:87,0
DA:96,0
DA:101,0
DA:102,0
DA:106,0
DA:107,0
DA:111,0
DA:114,0
DA:118,0
DA:121,0
DA:122,0
DA:125,0
DA:130,0
DA:131,0
DA:134,0
DA:135,0
DA:138,0
DA:140,0
DA:141,0
DA:143,0
DA:148,0
DA:150,0
DA:159,0
DA:161,0
DA:163,0
DA:166,0
DA:176,0
DA:178,0
DA:180,0
DA:183,0
DA:192,0
DA:210,0
DA:212,0
DA:213,0
DA:247,0
DA:253,0
DA:267,0
DA:273,0
LF:53
LH:0
BRDA:121,0,0,0
BRDA:121,0,1,0
BRDA:125,1,0,0
BRDA:125,1,1,0
BRDA:232,2,0,0
BRDA:232,2,1,0
BRF:6
BRH:0
end_of_record
TN:
SF:C:\Users\fredi\OneDrive\Documentos\Estudos\JavaScript\appgobarber\src\pages\Dashboard\index.tsx
FN:34,(anonymous_0)
FN:41,(anonymous_1)
FN:42,(anonymous_2)
FN:48,(anonymous_3)
FN:55,(anonymous_4)
FN:75,(anonymous_5)
FN:82,(anonymous_6)
FN:86,(anonymous_7)
FNF:8
FNH:0
FNDA:0,(anonymous_0)
FNDA:0,(anonymous_1)
FNDA:0,(anonymous_2)
FNDA:0,(anonymous_3)
FNDA:0,(anonymous_4)
FNDA:0,(anonymous_5)
FNDA:0,(anonymous_6)
FNDA:0,(anonymous_7)
DA:34,0
DA:36,0
DA:37,0
DA:39,0
DA:41,0
DA:42,0
DA:43,0
DA:48,0
DA:49,0
DA:54,0
DA:56,0
DA:61,0
DA:75,0
DA:83,0
DA:86,0
LF:15
LH:0
BRF:0
BRH:0
end_of_record
TN:
SF:C:\Users\fredi\OneDrive\Documentos\Estudos\JavaScript\appgobarber\src\pages\Profile\index.tsx
FN:41,(anonymous_0)
FN:53,(anonymous_1)
FN:64,(anonymous_2)
FN:72,(anonymous_3)
FN:133,(anonymous_4)
FN:137,(anonymous_5)
FN:145,(anonymous_6)
FN:162,(anonymous_7)
FN:202,(anonymous_8)
FN:216,(anonymous_9)
FN:230,(anonymous_10)
FN:240,(anonymous_11)
FN:250,(anonymous_12)
FN:253,(anonymous_13)
FNF:14
FNH:0
FNDA:0,(anonymous_0)
FNDA:0,(anonymous_1)
FNDA:0,(anonymous_2)
FNDA:0,(anonymous_3)
FNDA:0,(anonymous_4)
FNDA:0,(anonymous_5)
FNDA:0,(anonymous_6)
FNDA:0,(anonymous_7)
FNDA:0,(anonymous_8)
FNDA:0,(anonymous_9)
FNDA:0,(anonymous_10)
FNDA:0,(anonymous_11)
FNDA:0,(anonymous_12)
FNDA:0,(anonymous_13)
DA:41,0
DA:42,0
DA:44,0
DA:45,0
DA:47,0
DA:48,0
DA:49,0
DA:50,0
DA:52,0
DA:54,0
DA:55,0
DA:57,0
DA:64,0
DA:72,0
DA:80,0
DA:91,0
DA:94,0
DA:108,0
DA:110,0
DA:112,0
DA:114,0
DA:116,0
DA:117,0
DA:119,0
DA:121,0
DA:124,0
DA:133,0
DA:134,0
DA:137,0
DA:138,0
DA:146,0
DA:147,0
DA:150,0
DA:151,0
DA:154,0
DA:156,0
DA:162,0
DA:163,0
DA:169,0
DA:203,0
DA:217,0
DA:230,0
DA:240,0
DA:250,0
DA:253,0
LF:45
LH:0
BRDA:98,0,0,0
BRDA:98,0,1,0
BRDA:116,1,0,0
BRDA:116,1,1,0
BRDA:146,2,0,0
BRDA:146,2,1,0
BRDA:150,3,0,0
BRDA:150,3,1,0
BRDA:173,4,0,0
BRDA:173,4,1,0
BRF:10
BRH:0
end_of_record
TN:
SF:C:\Users\fredi\OneDrive\Documentos\Estudos\JavaScript\appgobarber\src\pages\SignIn\index.tsx
FN:41,(anonymous_0)
FN:52,(anonymous_1)
FN:133,(anonymous_2)
FN:148,(anonymous_3)
FN:153,(anonymous_4)
FN:163,(anonymous_5)
FN:170,(anonymous_6)
FNF:7
FNH:1
FNDA:1,(anonymous_0)
FNDA:0,(anonymous_1)
FNDA:0,(anonymous_2)
FNDA:0,(anonymous_3)
FNDA:0,(anonymous_4)
FNDA:0,(anonymous_5)
FNDA:0,(anonymous_6)
DA:41,1
DA:44,1
DA:46,1
DA:47,1
DA:49,1
DA:51,1
DA:53,0
DA:55,0
DA:59,0
DA:67,0
DA:74,0
DA:80,0
DA:81,0
DA:84,0
DA:86,0
DA:89,0
DA:98,1
DA:134,0
DA:149,0
DA:156,0
DA:163,0
DA:170,0
LF:22
LH:7
BRDA:80,0,0,0
BRDA:80,0,1,0
BRDA:104,1,0,1
BRDA:104,1,1,0
BRF:4
BRH:1
end_of_record
TN:
SF:C:\Users\fredi\OneDrive\Documentos\Estudos\JavaScript\appgobarber\src\pages\SignUp\index.tsx
FN:32,(anonymous_0)
FN:40,(anonymous_1)
FN:119,(anonymous_2)
FN:133,(anonymous_3)
FN:147,(anonymous_4)
FN:151,(anonymous_5)
FN:158,(anonymous_6)
FNF:7
FNH:0
FNDA:0,(anonymous_0)
FNDA:0,(anonymous_1)
FNDA:0,(anonymous_2)
FNDA:0,(anonymous_3)
FNDA:0,(anonymous_4)
FNDA:0,(anonymous_5)
FNDA:0,(anonymous_6)
DA:32,0
DA:33,0
DA:34,0
DA:36,0
DA:37,0
DA:39,0
DA:41,0
DA:43,0
DA:47,0
DA:56,0
DA:62,0
DA:64,0
DA:70,0
DA:72,0
DA:73,0
DA:76,0
DA:78,0
DA:81,0
DA:90,0
DA:120,0
DA:134,0
DA:147,0
DA:151,0
DA:158,0
LF:24
LH:0
BRDA:72,0,0,0
BRDA:72,0,1,0
BRDA:96,1,0,0
BRDA:96,1,1,0
BRF:4
BRH:0
end_of_record
